{"/Users/anthonybui/Documents/HackReactorSR/rpp2210-fec-atelier/client/src/ProductOverview/ProductOverview.jsx": {"path":"/Users/anthonybui/Documents/HackReactorSR/rpp2210-fec-atelier/client/src/ProductOverview/ProductOverview.jsx","statementMap":{"0":{"start":{"line":9,"column":24},"end":{"line":58,"column":1}},"1":{"start":{"line":11,"column":32},"end":{"line":11,"column":44}},"2":{"start":{"line":12,"column":54},"end":{"line":12,"column":66}},"3":{"start":{"line":13,"column":44},"end":{"line":13,"column":56}},"4":{"start":{"line":14,"column":36},"end":{"line":14,"column":48}},"5":{"start":{"line":15,"column":36},"end":{"line":15,"column":48}},"6":{"start":{"line":17,"column":2},"end":{"line":37,"column":8}},"7":{"start":{"line":18,"column":4},"end":{"line":36,"column":8}},"8":{"start":{"line":20,"column":8},"end":{"line":20,"column":30}},"9":{"start":{"line":23,"column":8},"end":{"line":23,"column":69}},"10":{"start":{"line":26,"column":8},"end":{"line":26,"column":52}},"11":{"start":{"line":27,"column":8},"end":{"line":27,"column":44}},"12":{"start":{"line":28,"column":8},"end":{"line":28,"column":57}},"13":{"start":{"line":29,"column":8},"end":{"line":32,"column":9}},"14":{"start":{"line":30,"column":21},"end":{"line":30,"column":61}},"15":{"start":{"line":31,"column":10},"end":{"line":31,"column":29}},"16":{"start":{"line":35,"column":8},"end":{"line":35,"column":44}},"17":{"start":{"line":40,"column":2},"end":{"line":57,"column":3}}},"fnMap":{"0":{"name":"(anonymous_0)","decl":{"start":{"line":9,"column":24},"end":{"line":9,"column":25}},"loc":{"start":{"line":9,"column":62},"end":{"line":58,"column":1}},"line":9},"1":{"name":"(anonymous_1)","decl":{"start":{"line":17,"column":12},"end":{"line":17,"column":13}},"loc":{"start":{"line":17,"column":17},"end":{"line":37,"column":3}},"line":17},"2":{"name":"(anonymous_2)","decl":{"start":{"line":19,"column":12},"end":{"line":19,"column":13}},"loc":{"start":{"line":19,"column":20},"end":{"line":21,"column":7}},"line":19},"3":{"name":"(anonymous_3)","decl":{"start":{"line":22,"column":12},"end":{"line":22,"column":13}},"loc":{"start":{"line":23,"column":8},"end":{"line":23,"column":69}},"line":23},"4":{"name":"(anonymous_4)","decl":{"start":{"line":25,"column":12},"end":{"line":25,"column":13}},"loc":{"start":{"line":25,"column":20},"end":{"line":33,"column":7}},"line":25},"5":{"name":"(anonymous_5)","decl":{"start":{"line":34,"column":13},"end":{"line":34,"column":14}},"loc":{"start":{"line":34,"column":20},"end":{"line":36,"column":7}},"line":34}},"branchMap":{"0":{"loc":{"start":{"line":29,"column":8},"end":{"line":32,"column":9}},"type":"if","locations":[{"start":{"line":29,"column":8},"end":{"line":32,"column":9}},{"start":{},"end":{}}],"line":29},"1":{"loc":{"start":{"line":46,"column":7},"end":{"line":54,"column":14}},"type":"cond-expr","locations":[{"start":{"line":47,"column":8},"end":{"line":53,"column":14}},{"start":{"line":54,"column":10},"end":{"line":54,"column":14}}],"line":46},"2":{"loc":{"start":{"line":46,"column":8},"end":{"line":46,"column":77}},"type":"binary-expr","locations":[{"start":{"line":46,"column":8},"end":{"line":46,"column":35}},{"start":{"line":46,"column":39},"end":{"line":46,"column":77}}],"line":46}},"s":{"0":1,"1":1,"2":1,"3":1,"4":1,"5":1,"6":1,"7":1,"8":0,"9":0,"10":0,"11":0,"12":0,"13":0,"14":0,"15":0,"16":0,"17":1},"f":{"0":1,"1":1,"2":0,"3":0,"4":0,"5":0},"b":{"0":[0,0],"1":[0,1],"2":[1,0]},"_coverageSchema":"1a1c01bbd47fc00a2c39e90264f33305004495a9","hash":"614013de9ceef00f1591aeefb2c570ad783f0cc1"}
,"/Users/anthonybui/Documents/HackReactorSR/rpp2210-fec-atelier/client/src/ProductOverview/components/MainImageScreen.jsx": {"path":"/Users/anthonybui/Documents/HackReactorSR/rpp2210-fec-atelier/client/src/ProductOverview/components/MainImageScreen.jsx","statementMap":{"0":{"start":{"line":3,"column":24},"end":{"line":15,"column":1}},"1":{"start":{"line":5,"column":2},"end":{"line":14,"column":3}},"2":{"start":{"line":9,"column":10},"end":{"line":9,"column":134}},"3":{"start":{"line":9,"column":102},"end":{"line":9,"column":125}}},"fnMap":{"0":{"name":"(anonymous_0)","decl":{"start":{"line":3,"column":24},"end":{"line":3,"column":25}},"loc":{"start":{"line":3,"column":75},"end":{"line":15,"column":1}},"line":3},"1":{"name":"(anonymous_1)","decl":{"start":{"line":8,"column":39},"end":{"line":8,"column":40}},"loc":{"start":{"line":9,"column":10},"end":{"line":9,"column":134}},"line":9},"2":{"name":"(anonymous_2)","decl":{"start":{"line":9,"column":97},"end":{"line":9,"column":98}},"loc":{"start":{"line":9,"column":101},"end":{"line":9,"column":126}},"line":9}},"branchMap":{},"s":{"0":1,"1":2,"2":4,"3":1},"f":{"0":2,"1":4,"2":1},"b":{},"_coverageSchema":"1a1c01bbd47fc00a2c39e90264f33305004495a9","hash":"007ff6ed1fa3afb89d9bf8bd581b0a93513a0209"}
,"/Users/anthonybui/Documents/HackReactorSR/rpp2210-fec-atelier/client/src/ProductOverview/components/ProductDescription.jsx": {"path":"/Users/anthonybui/Documents/HackReactorSR/rpp2210-fec-atelier/client/src/ProductOverview/components/ProductDescription.jsx","statementMap":{"0":{"start":{"line":3,"column":27},"end":{"line":13,"column":1}},"1":{"start":{"line":4,"column":2},"end":{"line":12,"column":3}},"2":{"start":{"line":9,"column":8},"end":{"line":9,"column":76}}},"fnMap":{"0":{"name":"(anonymous_0)","decl":{"start":{"line":3,"column":27},"end":{"line":3,"column":28}},"loc":{"start":{"line":3,"column":44},"end":{"line":13,"column":1}},"line":3},"1":{"name":"(anonymous_1)","decl":{"start":{"line":8,"column":28},"end":{"line":8,"column":29}},"loc":{"start":{"line":9,"column":8},"end":{"line":9,"column":76}},"line":9}},"branchMap":{},"s":{"0":1,"1":1,"2":2},"f":{"0":1,"1":2},"b":{},"_coverageSchema":"1a1c01bbd47fc00a2c39e90264f33305004495a9","hash":"981c1c950c42d146951b1a02b9ff337d9cc7d3f1"}
,"/Users/anthonybui/Documents/HackReactorSR/rpp2210-fec-atelier/client/src/ProductOverview/components/ProductInformation.jsx": {"path":"/Users/anthonybui/Documents/HackReactorSR/rpp2210-fec-atelier/client/src/ProductOverview/components/ProductInformation.jsx","statementMap":{"0":{"start":{"line":3,"column":27},"end":{"line":21,"column":1}},"1":{"start":{"line":5,"column":2},"end":{"line":20,"column":3}}},"fnMap":{"0":{"name":"(anonymous_0)","decl":{"start":{"line":3,"column":27},"end":{"line":3,"column":28}},"loc":{"start":{"line":3,"column":62},"end":{"line":21,"column":1}},"line":3}},"branchMap":{"0":{"loc":{"start":{"line":11,"column":7},"end":{"line":17,"column":78}},"type":"cond-expr","locations":[{"start":{"line":12,"column":8},"end":{"line":15,"column":14}},{"start":{"line":17,"column":8},"end":{"line":17,"column":78}}],"line":11},"1":{"loc":{"start":{"line":13,"column":57},"end":{"line":13,"column":115}},"type":"binary-expr","locations":[{"start":{"line":13,"column":57},"end":{"line":13,"column":90}},{"start":{"line":13,"column":94},"end":{"line":13,"column":115}}],"line":13},"2":{"loc":{"start":{"line":17,"column":14},"end":{"line":17,"column":72}},"type":"binary-expr","locations":[{"start":{"line":17,"column":14},"end":{"line":17,"column":47}},{"start":{"line":17,"column":51},"end":{"line":17,"column":72}}],"line":17}},"s":{"0":1,"1":1},"f":{"0":1},"b":{"0":[0,1],"1":[0,0],"2":[1,0]},"_coverageSchema":"1a1c01bbd47fc00a2c39e90264f33305004495a9","hash":"c085c1f11a35cd406afb4642d2d29619b65d53ea"}
,"/Users/anthonybui/Documents/HackReactorSR/rpp2210-fec-atelier/client/src/ProductOverview/components/PurchaseOptions.jsx": {"path":"/Users/anthonybui/Documents/HackReactorSR/rpp2210-fec-atelier/client/src/ProductOverview/components/PurchaseOptions.jsx","statementMap":{"0":{"start":{"line":3,"column":24},"end":{"line":122,"column":1}},"1":{"start":{"line":5,"column":42},"end":{"line":5,"column":54}},"2":{"start":{"line":6,"column":50},"end":{"line":6,"column":61}},"3":{"start":{"line":7,"column":40},"end":{"line":7,"column":52}},"4":{"start":{"line":8,"column":36},"end":{"line":8,"column":51}},"5":{"start":{"line":10,"column":2},"end":{"line":21,"column":35}},"6":{"start":{"line":11,"column":4},"end":{"line":19,"column":5}},"7":{"start":{"line":12,"column":23},"end":{"line":12,"column":66}},"8":{"start":{"line":13,"column":6},"end":{"line":18,"column":7}},"9":{"start":{"line":14,"column":8},"end":{"line":17,"column":9}},"10":{"start":{"line":15,"column":10},"end":{"line":15,"column":29}},"11":{"start":{"line":16,"column":10},"end":{"line":16,"column":17}},"12":{"start":{"line":20,"column":4},"end":{"line":20,"column":24}},"13":{"start":{"line":23,"column":26},"end":{"line":27,"column":3}},"14":{"start":{"line":24,"column":12},"end":{"line":24,"column":59}},"15":{"start":{"line":25,"column":4},"end":{"line":25,"column":54}},"16":{"start":{"line":26,"column":4},"end":{"line":26,"column":28}},"17":{"start":{"line":29,"column":30},"end":{"line":32,"column":3}},"18":{"start":{"line":30,"column":12},"end":{"line":30,"column":63}},"19":{"start":{"line":31,"column":4},"end":{"line":31,"column":41}},"20":{"start":{"line":34,"column":20},"end":{"line":58,"column":3}},"21":{"start":{"line":36,"column":22},"end":{"line":36,"column":24}},"22":{"start":{"line":38,"column":4},"end":{"line":55,"column":7}},"23":{"start":{"line":39,"column":6},"end":{"line":39,"column":35}},"24":{"start":{"line":40,"column":6},"end":{"line":45,"column":7}},"25":{"start":{"line":41,"column":8},"end":{"line":44,"column":9}},"26":{"start":{"line":42,"column":10},"end":{"line":42,"column":44}},"27":{"start":{"line":43,"column":10},"end":{"line":43,"column":16}},"28":{"start":{"line":47,"column":8},"end":{"line":49,"column":64}},"29":{"start":{"line":52,"column":8},"end":{"line":54,"column":62}},"30":{"start":{"line":56,"column":4},"end":{"line":56,"column":30}},"31":{"start":{"line":57,"column":4},"end":{"line":57,"column":62}},"32":{"start":{"line":61,"column":30},"end":{"line":87,"column":3}},"33":{"start":{"line":63,"column":25},"end":{"line":63,"column":37}},"34":{"start":{"line":65,"column":4},"end":{"line":80,"column":5}},"35":{"start":{"line":66,"column":6},"end":{"line":71,"column":7}},"36":{"start":{"line":66,"column":19},"end":{"line":66,"column":20}},"37":{"start":{"line":67,"column":8},"end":{"line":70,"column":9}},"38":{"start":{"line":68,"column":10},"end":{"line":68,"column":38}},"39":{"start":{"line":69,"column":10},"end":{"line":69,"column":16}},"40":{"start":{"line":73,"column":6},"end":{"line":79,"column":7}},"41":{"start":{"line":74,"column":8},"end":{"line":75,"column":153}},"42":{"start":{"line":77,"column":8},"end":{"line":78,"column":154}},"43":{"start":{"line":81,"column":4},"end":{"line":85,"column":5}},"44":{"start":{"line":82,"column":6},"end":{"line":82,"column":41}},"45":{"start":{"line":84,"column":6},"end":{"line":84,"column":70}},"46":{"start":{"line":86,"column":4},"end":{"line":86,"column":31}},"47":{"start":{"line":90,"column":2},"end":{"line":121,"column":3}},"48":{"start":{"line":94,"column":10},"end":{"line":97,"column":14}},"49":{"start":{"line":95,"column":12},"end":{"line":95,"column":43}},"50":{"start":{"line":96,"column":12},"end":{"line":96,"column":47}},"51":{"start":{"line":104,"column":10},"end":{"line":104,"column":90}},"52":{"start":{"line":111,"column":66},"end":{"line":111,"column":75}},"53":{"start":{"line":112,"column":10},"end":{"line":112,"column":69}},"54":{"start":{"line":115,"column":10},"end":{"line":115,"column":69}}},"fnMap":{"0":{"name":"(anonymous_0)","decl":{"start":{"line":3,"column":24},"end":{"line":3,"column":25}},"loc":{"start":{"line":3,"column":157},"end":{"line":122,"column":1}},"line":3},"1":{"name":"(anonymous_1)","decl":{"start":{"line":10,"column":12},"end":{"line":10,"column":13}},"loc":{"start":{"line":10,"column":17},"end":{"line":21,"column":3}},"line":10},"2":{"name":"(anonymous_2)","decl":{"start":{"line":23,"column":26},"end":{"line":23,"column":27}},"loc":{"start":{"line":23,"column":32},"end":{"line":27,"column":3}},"line":23},"3":{"name":"(anonymous_3)","decl":{"start":{"line":29,"column":30},"end":{"line":29,"column":31}},"loc":{"start":{"line":29,"column":36},"end":{"line":32,"column":3}},"line":29},"4":{"name":"(anonymous_4)","decl":{"start":{"line":34,"column":20},"end":{"line":34,"column":21}},"loc":{"start":{"line":34,"column":26},"end":{"line":58,"column":3}},"line":34},"5":{"name":"(anonymous_5)","decl":{"start":{"line":61,"column":30},"end":{"line":61,"column":31}},"loc":{"start":{"line":61,"column":36},"end":{"line":87,"column":3}},"line":61},"6":{"name":"(anonymous_6)","decl":{"start":{"line":93,"column":27},"end":{"line":93,"column":28}},"loc":{"start":{"line":94,"column":10},"end":{"line":97,"column":14}},"line":94},"7":{"name":"(anonymous_7)","decl":{"start":{"line":94,"column":100},"end":{"line":94,"column":101}},"loc":{"start":{"line":94,"column":104},"end":{"line":97,"column":11}},"line":94},"8":{"name":"(anonymous_8)","decl":{"start":{"line":103,"column":50},"end":{"line":103,"column":51}},"loc":{"start":{"line":104,"column":10},"end":{"line":104,"column":90}},"line":104},"9":{"name":"(anonymous_9)","decl":{"start":{"line":111,"column":52},"end":{"line":111,"column":53}},"loc":{"start":{"line":111,"column":66},"end":{"line":111,"column":75}},"line":111},"10":{"name":"(anonymous_10)","decl":{"start":{"line":111,"column":81},"end":{"line":111,"column":82}},"loc":{"start":{"line":112,"column":10},"end":{"line":112,"column":69}},"line":112},"11":{"name":"(anonymous_11)","decl":{"start":{"line":114,"column":26},"end":{"line":114,"column":27}},"loc":{"start":{"line":115,"column":10},"end":{"line":115,"column":69}},"line":115}},"branchMap":{"0":{"loc":{"start":{"line":11,"column":4},"end":{"line":19,"column":5}},"type":"if","locations":[{"start":{"line":11,"column":4},"end":{"line":19,"column":5}},{"start":{},"end":{}}],"line":11},"1":{"loc":{"start":{"line":14,"column":8},"end":{"line":17,"column":9}},"type":"if","locations":[{"start":{"line":14,"column":8},"end":{"line":17,"column":9}},{"start":{},"end":{}}],"line":14},"2":{"loc":{"start":{"line":14,"column":12},"end":{"line":14,"column":103}},"type":"binary-expr","locations":[{"start":{"line":14,"column":12},"end":{"line":14,"column":51}},{"start":{"line":14,"column":55},"end":{"line":14,"column":103}}],"line":14},"3":{"loc":{"start":{"line":38,"column":4},"end":{"line":55,"column":7}},"type":"if","locations":[{"start":{"line":38,"column":4},"end":{"line":55,"column":7}},{"start":{"line":50,"column":11},"end":{"line":55,"column":7}}],"line":38},"4":{"loc":{"start":{"line":41,"column":8},"end":{"line":44,"column":9}},"type":"if","locations":[{"start":{"line":41,"column":8},"end":{"line":44,"column":9}},{"start":{},"end":{}}],"line":41},"5":{"loc":{"start":{"line":41,"column":12},"end":{"line":41,"column":74}},"type":"binary-expr","locations":[{"start":{"line":41,"column":12},"end":{"line":41,"column":39}},{"start":{"line":41,"column":43},"end":{"line":41,"column":74}}],"line":41},"6":{"loc":{"start":{"line":48,"column":24},"end":{"line":48,"column":115}},"type":"binary-expr","locations":[{"start":{"line":48,"column":24},"end":{"line":48,"column":53}},{"start":{"line":48,"column":57},"end":{"line":48,"column":90}},{"start":{"line":48,"column":94},"end":{"line":48,"column":115}}],"line":48},"7":{"loc":{"start":{"line":53,"column":22},"end":{"line":53,"column":113}},"type":"binary-expr","locations":[{"start":{"line":53,"column":22},"end":{"line":53,"column":51}},{"start":{"line":53,"column":55},"end":{"line":53,"column":88}},{"start":{"line":53,"column":92},"end":{"line":53,"column":113}}],"line":53},"8":{"loc":{"start":{"line":65,"column":4},"end":{"line":80,"column":5}},"type":"if","locations":[{"start":{"line":65,"column":4},"end":{"line":80,"column":5}},{"start":{"line":72,"column":11},"end":{"line":80,"column":5}}],"line":65},"9":{"loc":{"start":{"line":67,"column":8},"end":{"line":70,"column":9}},"type":"if","locations":[{"start":{"line":67,"column":8},"end":{"line":70,"column":9}},{"start":{},"end":{}}],"line":67},"10":{"loc":{"start":{"line":67,"column":12},"end":{"line":67,"column":117}},"type":"binary-expr","locations":[{"start":{"line":67,"column":12},"end":{"line":67,"column":58}},{"start":{"line":67,"column":62},"end":{"line":67,"column":117}}],"line":67},"11":{"loc":{"start":{"line":73,"column":6},"end":{"line":79,"column":7}},"type":"if","locations":[{"start":{"line":73,"column":6},"end":{"line":79,"column":7}},{"start":{"line":76,"column":13},"end":{"line":79,"column":7}}],"line":73},"12":{"loc":{"start":{"line":75,"column":24},"end":{"line":75,"column":115}},"type":"binary-expr","locations":[{"start":{"line":75,"column":24},"end":{"line":75,"column":53}},{"start":{"line":75,"column":57},"end":{"line":75,"column":90}},{"start":{"line":75,"column":94},"end":{"line":75,"column":115}}],"line":75},"13":{"loc":{"start":{"line":78,"column":24},"end":{"line":78,"column":115}},"type":"binary-expr","locations":[{"start":{"line":78,"column":24},"end":{"line":78,"column":53}},{"start":{"line":78,"column":57},"end":{"line":78,"column":90}},{"start":{"line":78,"column":94},"end":{"line":78,"column":115}}],"line":78},"14":{"loc":{"start":{"line":81,"column":4},"end":{"line":85,"column":5}},"type":"if","locations":[{"start":{"line":81,"column":4},"end":{"line":85,"column":5}},{"start":{"line":83,"column":11},"end":{"line":85,"column":5}}],"line":81},"15":{"loc":{"start":{"line":110,"column":9},"end":{"line":116,"column":10}},"type":"cond-expr","locations":[{"start":{"line":111,"column":8},"end":{"line":113,"column":10}},{"start":{"line":114,"column":10},"end":{"line":116,"column":10}}],"line":110},"16":{"loc":{"start":{"line":110,"column":10},"end":{"line":110,"column":71}},"type":"binary-expr","locations":[{"start":{"line":110,"column":10},"end":{"line":110,"column":42}},{"start":{"line":110,"column":46},"end":{"line":110,"column":71}}],"line":110}},"s":{"0":1,"1":3,"2":3,"3":3,"4":3,"5":3,"6":3,"7":0,"8":0,"9":0,"10":0,"11":0,"12":3,"13":3,"14":0,"15":0,"16":0,"17":3,"18":0,"19":0,"20":3,"21":1,"22":1,"23":1,"24":1,"25":1,"26":0,"27":0,"28":1,"29":0,"30":1,"31":1,"32":3,"33":1,"34":1,"35":0,"36":0,"37":0,"38":0,"39":0,"40":1,"41":0,"42":1,"43":1,"44":0,"45":1,"46":1,"47":3,"48":6,"49":0,"50":0,"51":6,"52":0,"53":0,"54":15},"f":{"0":3,"1":3,"2":0,"3":0,"4":1,"5":1,"6":6,"7":0,"8":6,"9":0,"10":0,"11":15},"b":{"0":[0,3],"1":[0,0],"2":[0,0],"3":[1,0],"4":[0,1],"5":[1,0],"6":[1,1,0],"7":[0,0,0],"8":[0,1],"9":[0,0],"10":[0,0],"11":[0,1],"12":[0,0,0],"13":[1,1,0],"14":[0,1],"15":[0,3],"16":[3,0]},"_coverageSchema":"1a1c01bbd47fc00a2c39e90264f33305004495a9","hash":"79627baa90baf7ca883ee9b70451b70659e0276b"}
,"/Users/anthonybui/Documents/HackReactorSR/rpp2210-fec-atelier/client/src/ProductOverview/components/ShoppingCart.jsx": {"path":"/Users/anthonybui/Documents/HackReactorSR/rpp2210-fec-atelier/client/src/ProductOverview/components/ShoppingCart.jsx","statementMap":{"0":{"start":{"line":3,"column":21},"end":{"line":42,"column":1}},"1":{"start":{"line":5,"column":21},"end":{"line":20,"column":3}},"2":{"start":{"line":6,"column":20},"end":{"line":6,"column":34}},"3":{"start":{"line":8,"column":4},"end":{"line":12,"column":5}},"4":{"start":{"line":8,"column":17},"end":{"line":8,"column":18}},"5":{"start":{"line":9,"column":6},"end":{"line":11,"column":7}},"6":{"start":{"line":10,"column":8},"end":{"line":10,"column":33}},"7":{"start":{"line":14,"column":4},"end":{"line":18,"column":5}},"8":{"start":{"line":15,"column":6},"end":{"line":15,"column":38}},"9":{"start":{"line":17,"column":6},"end":{"line":17,"column":64}},"10":{"start":{"line":19,"column":4},"end":{"line":19,"column":30}},"11":{"start":{"line":22,"column":2},"end":{"line":41,"column":3}},"12":{"start":{"line":23,"column":4},"end":{"line":36,"column":5}},"13":{"start":{"line":26,"column":10},"end":{"line":33,"column":16}},"14":{"start":{"line":32,"column":36},"end":{"line":32,"column":70}},"15":{"start":{"line":38,"column":4},"end":{"line":40,"column":5}}},"fnMap":{"0":{"name":"(anonymous_0)","decl":{"start":{"line":3,"column":21},"end":{"line":3,"column":22}},"loc":{"start":{"line":3,"column":52},"end":{"line":42,"column":1}},"line":3},"1":{"name":"(anonymous_1)","decl":{"start":{"line":5,"column":21},"end":{"line":5,"column":22}},"loc":{"start":{"line":5,"column":39},"end":{"line":20,"column":3}},"line":5},"2":{"name":"(anonymous_2)","decl":{"start":{"line":25,"column":23},"end":{"line":25,"column":24}},"loc":{"start":{"line":26,"column":10},"end":{"line":33,"column":16}},"line":26},"3":{"name":"(anonymous_3)","decl":{"start":{"line":32,"column":31},"end":{"line":32,"column":32}},"loc":{"start":{"line":32,"column":35},"end":{"line":32,"column":71}},"line":32}},"branchMap":{"0":{"loc":{"start":{"line":9,"column":6},"end":{"line":11,"column":7}},"type":"if","locations":[{"start":{"line":9,"column":6},"end":{"line":11,"column":7}},{"start":{},"end":{}}],"line":9},"1":{"loc":{"start":{"line":9,"column":10},"end":{"line":9,"column":70}},"type":"binary-expr","locations":[{"start":{"line":9,"column":10},"end":{"line":9,"column":40}},{"start":{"line":9,"column":44},"end":{"line":9,"column":70}}],"line":9},"2":{"loc":{"start":{"line":14,"column":4},"end":{"line":18,"column":5}},"type":"if","locations":[{"start":{"line":14,"column":4},"end":{"line":18,"column":5}},{"start":{"line":16,"column":11},"end":{"line":18,"column":5}}],"line":14},"3":{"loc":{"start":{"line":22,"column":2},"end":{"line":41,"column":3}},"type":"if","locations":[{"start":{"line":22,"column":2},"end":{"line":41,"column":3}},{"start":{"line":37,"column":9},"end":{"line":41,"column":3}}],"line":22}},"s":{"0":1,"1":3,"2":1,"3":1,"4":1,"5":1,"6":1,"7":1,"8":1,"9":0,"10":1,"11":3,"12":2,"13":2,"14":1,"15":1},"f":{"0":3,"1":1,"2":2,"3":1},"b":{"0":[1,0],"1":[1,1],"2":[1,0],"3":[2,1]},"_coverageSchema":"1a1c01bbd47fc00a2c39e90264f33305004495a9","hash":"e0b7b0f4297963dc756d495c91dbf160464cd441"}
}
