TN:
SF:client/src/ProductOverview/ProductOverview.jsx
FN:9,(anonymous_0)
FN:17,(anonymous_1)
FN:19,(anonymous_2)
FN:22,(anonymous_3)
FN:25,(anonymous_4)
FN:34,(anonymous_5)
FNF:6
FNH:2
FNDA:1,(anonymous_0)
FNDA:1,(anonymous_1)
FNDA:0,(anonymous_2)
FNDA:0,(anonymous_3)
FNDA:0,(anonymous_4)
FNDA:0,(anonymous_5)
DA:9,1
DA:11,1
DA:12,1
DA:13,1
DA:14,1
DA:15,1
DA:17,1
DA:18,1
DA:20,0
DA:23,0
DA:26,0
DA:27,0
DA:28,0
DA:29,0
DA:30,0
DA:31,0
DA:35,0
DA:40,1
LF:18
LH:9
BRDA:29,0,0,0
BRDA:29,0,1,0
BRDA:46,1,0,0
BRDA:46,1,1,1
BRDA:46,2,0,1
BRDA:46,2,1,0
BRF:6
BRH:2
end_of_record
TN:
SF:client/src/ProductOverview/components/MainImageScreen.jsx
FN:3,(anonymous_0)
FN:8,(anonymous_1)
FN:9,(anonymous_2)
FNF:3
FNH:3
FNDA:2,(anonymous_0)
FNDA:4,(anonymous_1)
FNDA:1,(anonymous_2)
DA:3,1
DA:5,2
DA:9,4
LF:3
LH:3
BRF:0
BRH:0
end_of_record
TN:
SF:client/src/ProductOverview/components/ProductDescription.jsx
FN:3,(anonymous_0)
FN:8,(anonymous_1)
FNF:2
FNH:2
FNDA:1,(anonymous_0)
FNDA:2,(anonymous_1)
DA:3,1
DA:4,1
DA:9,2
LF:3
LH:3
BRF:0
BRH:0
end_of_record
TN:
SF:client/src/ProductOverview/components/ProductInformation.jsx
FN:3,(anonymous_0)
FNF:1
FNH:1
FNDA:1,(anonymous_0)
DA:3,1
DA:5,1
LF:2
LH:2
BRDA:11,0,0,0
BRDA:11,0,1,1
BRDA:13,1,0,0
BRDA:13,1,1,0
BRDA:17,2,0,1
BRDA:17,2,1,0
BRF:6
BRH:2
end_of_record
TN:
SF:client/src/ProductOverview/components/PurchaseOptions.jsx
FN:3,(anonymous_0)
FN:10,(anonymous_1)
FN:23,(anonymous_2)
FN:29,(anonymous_3)
FN:34,(anonymous_4)
FN:61,(anonymous_5)
FN:93,(anonymous_6)
FN:94,(anonymous_7)
FN:103,(anonymous_8)
FN:111,(anonymous_9)
FN:111,(anonymous_10)
FN:114,(anonymous_11)
FNF:12
FNH:7
FNDA:3,(anonymous_0)
FNDA:3,(anonymous_1)
FNDA:0,(anonymous_2)
FNDA:0,(anonymous_3)
FNDA:1,(anonymous_4)
FNDA:1,(anonymous_5)
FNDA:6,(anonymous_6)
FNDA:0,(anonymous_7)
FNDA:6,(anonymous_8)
FNDA:0,(anonymous_9)
FNDA:0,(anonymous_10)
FNDA:15,(anonymous_11)
DA:3,1
DA:5,3
DA:6,3
DA:7,3
DA:8,3
DA:10,3
DA:11,3
DA:12,0
DA:13,0
DA:14,0
DA:15,0
DA:16,0
DA:20,3
DA:23,3
DA:24,0
DA:25,0
DA:26,0
DA:29,3
DA:30,0
DA:31,0
DA:34,3
DA:36,1
DA:38,1
DA:39,1
DA:40,1
DA:41,1
DA:42,0
DA:43,0
DA:47,1
DA:52,0
DA:56,1
DA:57,1
DA:61,3
DA:63,1
DA:65,1
DA:66,0
DA:67,0
DA:68,0
DA:69,0
DA:73,1
DA:74,0
DA:77,1
DA:81,1
DA:82,0
DA:84,1
DA:86,1
DA:90,3
DA:94,6
DA:95,0
DA:96,0
DA:104,6
DA:111,0
DA:112,0
DA:115,15
LF:54
LH:31
BRDA:11,0,0,0
BRDA:11,0,1,3
BRDA:14,1,0,0
BRDA:14,1,1,0
BRDA:14,2,0,0
BRDA:14,2,1,0
BRDA:38,3,0,1
BRDA:38,3,1,0
BRDA:41,4,0,0
BRDA:41,4,1,1
BRDA:41,5,0,1
BRDA:41,5,1,0
BRDA:48,6,0,1
BRDA:48,6,1,1
BRDA:48,6,2,0
BRDA:53,7,0,0
BRDA:53,7,1,0
BRDA:53,7,2,0
BRDA:65,8,0,0
BRDA:65,8,1,1
BRDA:67,9,0,0
BRDA:67,9,1,0
BRDA:67,10,0,0
BRDA:67,10,1,0
BRDA:73,11,0,0
BRDA:73,11,1,1
BRDA:75,12,0,0
BRDA:75,12,1,0
BRDA:75,12,2,0
BRDA:78,13,0,1
BRDA:78,13,1,1
BRDA:78,13,2,0
BRDA:81,14,0,0
BRDA:81,14,1,1
BRDA:110,15,0,0
BRDA:110,15,1,3
BRDA:110,16,0,3
BRDA:110,16,1,0
BRF:38
BRH:13
end_of_record
TN:
SF:client/src/ProductOverview/components/ShoppingCart.jsx
FN:3,(anonymous_0)
FN:5,(anonymous_1)
FN:25,(anonymous_2)
FN:32,(anonymous_3)
FNF:4
FNH:4
FNDA:3,(anonymous_0)
FNDA:1,(anonymous_1)
FNDA:2,(anonymous_2)
FNDA:1,(anonymous_3)
DA:3,1
DA:5,3
DA:6,1
DA:8,1
DA:9,1
DA:10,1
DA:14,1
DA:15,1
DA:17,0
DA:19,1
DA:22,3
DA:23,2
DA:26,2
DA:32,1
DA:38,1
LF:15
LH:14
BRDA:9,0,0,1
BRDA:9,0,1,0
BRDA:9,1,0,1
BRDA:9,1,1,1
BRDA:14,2,0,1
BRDA:14,2,1,0
BRDA:22,3,0,2
BRDA:22,3,1,1
BRF:8
BRH:6
end_of_record
